Using pre-set license
Built from '2020.3/release' branch; Version is '2020.3.12f1 (b3b2c6512326) revision 11776710'; Using compiler version '192528614'; Build Type 'Release'
OS: 'Windows 10 Home; OS build 19042.1083; Version 2009; 64bit' Language: 'zh' Physical Memory: 12139 MB
BatchMode: 1, IsHumanControllingUs: 0, StartBugReporterOnCrash: 0, Is64bit: 1, IsPro: 0

 COMMAND LINE ARGUMENTS:
C:\Program Files\Unity\Hub\Editor\2020.3.12f1\Editor\Unity.exe
-adb2
-batchMode
-noUpm
-name
AssetImportWorker0
-projectPath
D:/unity/0703/0703
-logFile
Logs/AssetImportWorker0.log
-srvPort
62605
Successfully changed project path to: D:/unity/0703/0703
D:/unity/0703/0703
Using Asset Import Pipeline V2.
Refreshing native plugins compatible for Editor in 72.17 ms, found 3 plugins.
Preloading 0 native plugins for Editor in 0.00 ms.
Initialize engine version: 2020.3.12f1 (b3b2c6512326)
[Subsystems] Discovering subsystems at path C:/Program Files/Unity/Hub/Editor/2020.3.12f1/Editor/Data/Resources/UnitySubsystems
[Subsystems] Discovering subsystems at path D:/unity/0703/0703/Assets
GfxDevice: creating device client; threaded=0
Direct3D:
    Version:  Direct3D 11.0 [level 11.1]
    Renderer: NVIDIA GeForce MX150 (ID=0x1d10)
    Vendor:   
    VRAM:     1983 MB
    Driver:   27.21.14.6231
Initialize mono
Mono path[0] = 'C:/Program Files/Unity/Hub/Editor/2020.3.12f1/Editor/Data/Managed'
Mono path[1] = 'C:/Program Files/Unity/Hub/Editor/2020.3.12f1/Editor/Data/MonoBleedingEdge/lib/mono/unityjit'
Mono config path = 'C:/Program Files/Unity/Hub/Editor/2020.3.12f1/Editor/Data/MonoBleedingEdge/etc'
Using monoOptions --debugger-agent=transport=dt_socket,embedding=1,server=y,suspend=n,address=127.0.0.1:56224
Begin MonoManager ReloadAssembly
Registering precompiled unity dll's ...
Register platform support module: C:/Program Files/Unity/Hub/Editor/2020.3.12f1/Editor/Data/PlaybackEngines/WindowsStandaloneSupport/UnityEditor.WindowsStandalone.Extensions.dll
Registered in 0.004810 seconds.
Native extension for WindowsStandalone target not found
Refreshing native plugins compatible for Editor in 92.89 ms, found 3 plugins.
Preloading 0 native plugins for Editor in 0.00 ms.
Mono: successfully reloaded assembly
- Completed reload, in  2.556 seconds
Platform modules already initialized, skipping
Registering precompiled user dll's ...
Registered in 0.009480 seconds.
Begin MonoManager ReloadAssembly
Native extension for WindowsStandalone target not found
Refreshing native plugins compatible for Editor in 47.27 ms, found 3 plugins.
Preloading 0 native plugins for Editor in 0.00 ms.
Mono: successfully reloaded assembly
- Completed reload, in  2.059 seconds
Platform modules already initialized, skipping
========================================================================
Worker process is ready to serve import requests
Launched and connected shader compiler UnityShaderCompiler.exe after 0.07 seconds
Refreshing native plugins compatible for Editor in 0.64 ms, found 3 plugins.
Preloading 0 native plugins for Editor in 0.00 ms.
Unloading 2080 Unused Serialized files (Serialized files now loaded: 0)
System memory in use before: 92.8 MB.
System memory in use after: 92.7 MB.

Unloading 33 unused Assets to reduce memory usage. Loaded Objects now: 2513.
Total: 2.411400 ms (FindLiveObjects: 0.220000 ms CreateObjectMapping: 0.098000 ms MarkObjects: 1.952700 ms  DeleteObjects: 0.139000 ms)

AssetImportParameters requested are different than current active one (requested -> active):
  custom:framework-win-MediaFoundation: 216162199b28c13a410421893ffa2e32 -> 
  custom:video-decoder-ogg-theora: a1e56fd34408186e4bbccfd4996cb3dc -> 
  custom:container-muxer-webm: aa71ff27fc2769a1b78a27578f13a17b -> 
  custom:container-demuxer-webm: 4f35f7cbe854078d1ac9338744f61a02 -> 
  custom:container-demuxer-ogg: 62fdf1f143b41e24485cea50d1cbac27 -> 
  custom:video-encoder-webm-vp8: eb34c28f22e8b96e1ab97ce403110664 -> 
  custom:video-decoder-webm-vp8: 9c59270c3fd7afecdb556c50c9e8de78 -> 
  custom:audio-decoder-ogg-vorbis: bf7c407c2cedff20999df2af8eb42d56 -> 
  custom:audio-encoder-webm-vorbis: bf7c407c2cedff20999df2af8eb42d56 -> 
========================================================================
Received Import Request.
  path: Assets/火焰
  artifactKey: Guid(4c8bab3595e7d8849bbf0bcaeb04466b) Importer(815301076,1909f56bfc062723c751e8b465ee728b)
Start importing Assets/火焰 using Guid(4c8bab3595e7d8849bbf0bcaeb04466b) Importer(815301076,1909f56bfc062723c751e8b465ee728b)  -> (artifact id: 'e5fcb07ffdb0a7ee7cf5e136e7efbfc4') in 0.010835 seconds 
  Import took 0.015143 seconds .

========================================================================
Received Import Request.
  Time since last request: 57.870343 seconds.
  path: Assets/火焰/插圖3.png
  artifactKey: Guid(9f5da5ff94ac5d245949b12f4b9b1c17) Importer(815301076,1909f56bfc062723c751e8b465ee728b)
Start importing Assets/火焰/插圖3.png using Guid(9f5da5ff94ac5d245949b12f4b9b1c17) Importer(815301076,1909f56bfc062723c751e8b465ee728b)  -> (artifact id: '282ca601deeaa4644e434058b107c1dc') in 0.234571 seconds 
  Import took 0.243328 seconds .

========================================================================
Received Import Request.
  Time since last request: 37.440416 seconds.
  path: Assets/火焰/火焰.mat
  artifactKey: Guid(aecc5c74e4d706646b55ad3ab568d23b) Importer(815301076,1909f56bfc062723c751e8b465ee728b)
Start importing Assets/火焰/火焰.mat using Guid(aecc5c74e4d706646b55ad3ab568d23b) Importer(815301076,1909f56bfc062723c751e8b465ee728b)  -> (artifact id: '1d1d3d4fbe110b3e21ab91494616b736') in 0.083364 seconds 
  Import took 0.090351 seconds .

========================================================================
Received Import Request.
  Time since last request: 653.411355 seconds.
  path: Assets/火焰/光點.jpg
  artifactKey: Guid(bdc094020de762e46a00aa18fb27bff7) Importer(815301076,1909f56bfc062723c751e8b465ee728b)
Start importing Assets/火焰/光點.jpg using Guid(bdc094020de762e46a00aa18fb27bff7) Importer(815301076,1909f56bfc062723c751e8b465ee728b)  -> (artifact id: 'e75f7ea88c0a0b7cb22153c9a32a7bed') in 0.039997 seconds 
  Import took 0.070140 seconds .

========================================================================
Received Import Request.
  Time since last request: 1225.612135 seconds.
  path: Assets/火焰/插圖2.png
  artifactKey: Guid(b146607eff65c8941a3af7da56294834) Importer(815301076,1909f56bfc062723c751e8b465ee728b)
Start importing Assets/火焰/插圖2.png using Guid(b146607eff65c8941a3af7da56294834) Importer(815301076,1909f56bfc062723c751e8b465ee728b)  -> (artifact id: '4a9e97879682a068ccdd8339ef6b85d1') in 0.020742 seconds 
  Import took 0.040108 seconds .

========================================================================
Received Import Request.
  Time since last request: 0.019496 seconds.
  path: Assets/火焰/插圖2.png
  artifactKey: Guid(b146607eff65c8941a3af7da56294834) Importer(815301076,1909f56bfc062723c751e8b465ee728b)
Start importing Assets/火焰/插圖2.png using Guid(b146607eff65c8941a3af7da56294834) Importer(815301076,1909f56bfc062723c751e8b465ee728b)  -> (artifact id: '4a9e97879682a068ccdd8339ef6b85d1') in 0.020026 seconds 
  Import took 0.028140 seconds .

========================================================================
Received Import Request.
  Time since last request: 20.609070 seconds.
  path: Assets/火焰/New Material.mat
  artifactKey: Guid(abceecc0626d41f40831b975919aedc5) Importer(815301076,1909f56bfc062723c751e8b465ee728b)
Start importing Assets/火焰/New Material.mat using Guid(abceecc0626d41f40831b975919aedc5) Importer(815301076,1909f56bfc062723c751e8b465ee728b)  -> (artifact id: '20bcad58169b10301db2bdabcea70c60') in 0.020891 seconds 
  Import took 0.096251 seconds .

========================================================================
Received Import Request.
  Time since last request: 42.457508 seconds.
  path: Assets/火焰/火焰2.mat
  artifactKey: Guid(abceecc0626d41f40831b975919aedc5) Importer(815301076,1909f56bfc062723c751e8b465ee728b)
Start importing Assets/火焰/火焰2.mat using Guid(abceecc0626d41f40831b975919aedc5) Importer(815301076,1909f56bfc062723c751e8b465ee728b)  -> (artifact id: '7c432da721b051e9e2fc0d546cb9a5e5') in 0.063899 seconds 
  Import took 0.192652 seconds .

========================================================================
Received Import Request.
  Time since last request: 550.179457 seconds.
  path: Assets/火焰/插圖2.png
  artifactKey: Guid(b146607eff65c8941a3af7da56294834) Importer(815301076,1909f56bfc062723c751e8b465ee728b)
Start importing Assets/火焰/插圖2.png using Guid(b146607eff65c8941a3af7da56294834) Importer(815301076,1909f56bfc062723c751e8b465ee728b)  -> (artifact id: '99d7e066a08a73e0f4c4177ce9e6c37f') in 0.016510 seconds 
  Import took 0.044177 seconds .

========================================================================
Received Import Request.
  Time since last request: 0.005265 seconds.
  path: Assets/火焰/插圖2.png
  artifactKey: Guid(b146607eff65c8941a3af7da56294834) Importer(815301076,1909f56bfc062723c751e8b465ee728b)
Start importing Assets/火焰/插圖2.png using Guid(b146607eff65c8941a3af7da56294834) Importer(815301076,1909f56bfc062723c751e8b465ee728b)  -> (artifact id: '99d7e066a08a73e0f4c4177ce9e6c37f') in 0.013812 seconds 
  Import took 0.018820 seconds .

========================================================================
Received Import Request.
  Time since last request: 783.176538 seconds.
  path: Assets/火焰/插圖2.png
  artifactKey: Guid(b146607eff65c8941a3af7da56294834) Importer(815301076,1909f56bfc062723c751e8b465ee728b)
Start importing Assets/火焰/插圖2.png using Guid(b146607eff65c8941a3af7da56294834) Importer(815301076,1909f56bfc062723c751e8b465ee728b)  -> (artifact id: 'f992d029030c7d302d7cca984160ea9d') in 0.072121 seconds 
  Import took 0.080425 seconds .

========================================================================
Received Import Request.
  Time since last request: 1775.007110 seconds.
  path: Assets/火焰/火焰.mat
  artifactKey: Guid(aecc5c74e4d706646b55ad3ab568d23b) Importer(815301076,1909f56bfc062723c751e8b465ee728b)
Start importing Assets/火焰/火焰.mat using Guid(aecc5c74e4d706646b55ad3ab568d23b) Importer(815301076,1909f56bfc062723c751e8b465ee728b)  -> (artifact id: 'b4693d34dd2f8724f9cfedca41c001f2') in 0.042458 seconds 
  Import took 0.122423 seconds .

========================================================================
Received Import Request.
  Time since last request: 0.020403 seconds.
  path: Assets/火焰/火焰.mat
  artifactKey: Guid(aecc5c74e4d706646b55ad3ab568d23b) Importer(815301076,1909f56bfc062723c751e8b465ee728b)
Start importing Assets/火焰/火焰.mat using Guid(aecc5c74e4d706646b55ad3ab568d23b) Importer(815301076,1909f56bfc062723c751e8b465ee728b)  -> (artifact id: 'b4693d34dd2f8724f9cfedca41c001f2') in 0.020988 seconds 
  Import took 0.026558 seconds .

AssetImportWorkerClient::OnTransportError - code=2 error=End of file
